[debug] [2019-10-15T01:55:00.340Z] ----------------------------------------------------------------------
[debug] [2019-10-15T01:55:00.342Z] Command:       /home/ericka/.nvm/versions/node/v10.16.3/bin/node /home/ericka/.nvm/versions/node/v10.16.3/bin/firebase serve
[debug] [2019-10-15T01:55:00.342Z] CLI Version:   7.4.0
[debug] [2019-10-15T01:55:00.342Z] Platform:      linux
[debug] [2019-10-15T01:55:00.342Z] Node Version:  v10.16.3
[debug] [2019-10-15T01:55:00.351Z] Time:          Mon Oct 14 2019 22:55:00 GMT-0300 (GMT-03:00)
[debug] [2019-10-15T01:55:00.351Z] ----------------------------------------------------------------------
[debug] 
[debug] [2019-10-15T01:55:00.363Z] > command requires scopes: ["email","openid","https://www.googleapis.com/auth/cloudplatformprojects.readonly","https://www.googleapis.com/auth/firebase","https://www.googleapis.com/auth/cloud-platform"]
[debug] [2019-10-15T01:55:00.364Z] > authorizing via signed-in user
[debug] [2019-10-15T01:55:00.364Z] [iam] checking project social-network-1e8dd for permissions ["firebase.projects.get"]
[debug] [2019-10-15T01:55:00.367Z] > refreshing access token with scopes: ["email","https://www.googleapis.com/auth/cloud-platform","https://www.googleapis.com/auth/cloudplatformprojects.readonly","https://www.googleapis.com/auth/firebase","openid"]
[debug] [2019-10-15T01:55:00.367Z] >>> HTTP REQUEST POST https://www.googleapis.com/oauth2/v3/token  
 <request body omitted>
[debug] [2019-10-15T01:55:00.596Z] <<< HTTP RESPONSE 200
[debug] [2019-10-15T01:55:00.601Z] >>> HTTP REQUEST POST https://cloudresourcemanager.googleapis.com/v1/projects/social-network-1e8dd:testIamPermissions  

[debug] [2019-10-15T01:55:01.631Z] <<< HTTP RESPONSE 200
[debug] [2019-10-15T01:55:01.635Z] >>> HTTP REQUEST GET https://firebase.googleapis.com/v1beta1/projects/social-network-1e8dd  
 
[debug] [2019-10-15T01:55:05.572Z] <<< HTTP RESPONSE 200
[info] 
[info] === Serving from '/home/ericka/projetos/SAP003-social-network'...
[info] 
[debug] [2019-10-15T01:55:05.577Z] >>> HTTP REQUEST GET https://firebase.googleapis.com/v1beta1/projects/social-network-1e8dd/webApps/-/config  
 
[debug] [2019-10-15T01:55:06.867Z] <<< HTTP RESPONSE 200
[info] i  hosting: Serving hosting files from: src
[info] ✔  hosting: Local server: http://localhost:5000
