[debug] [2019-10-21T20:18:23.106Z] ----------------------------------------------------------------------
[debug] [2019-10-21T20:18:23.108Z] Command:       /home/ericka/.nvm/versions/node/v10.16.3/bin/node /home/ericka/.nvm/versions/node/v10.16.3/bin/firebase serve
[debug] [2019-10-21T20:18:23.108Z] CLI Version:   7.4.0
[debug] [2019-10-21T20:18:23.108Z] Platform:      linux
[debug] [2019-10-21T20:18:23.108Z] Node Version:  v10.16.3
[debug] [2019-10-21T20:18:23.108Z] Time:          Mon Oct 21 2019 17:18:23 GMT-0300 (GMT-03:00)
[debug] [2019-10-21T20:18:23.108Z] ----------------------------------------------------------------------
[debug] 
[debug] [2019-10-21T20:18:23.114Z] > command requires scopes: ["email","openid","https://www.googleapis.com/auth/cloudplatformprojects.readonly","https://www.googleapis.com/auth/firebase","https://www.googleapis.com/auth/cloud-platform"]
[debug] [2019-10-21T20:18:23.114Z] > authorizing via signed-in user
[debug] [2019-10-21T20:18:23.115Z] [iam] checking project social-network-1e8dd for permissions ["firebase.projects.get"]
[debug] [2019-10-21T20:18:23.116Z] > refreshing access token with scopes: ["email","https://www.googleapis.com/auth/cloud-platform","https://www.googleapis.com/auth/cloudplatformprojects.readonly","https://www.googleapis.com/auth/firebase","openid"]
[debug] [2019-10-21T20:18:23.116Z] >>> HTTP REQUEST POST https://www.googleapis.com/oauth2/v3/token  
 <request body omitted>
[debug] [2019-10-21T20:18:23.471Z] <<< HTTP RESPONSE 200
[debug] [2019-10-21T20:18:23.481Z] >>> HTTP REQUEST POST https://cloudresourcemanager.googleapis.com/v1/projects/social-network-1e8dd:testIamPermissions  

[debug] [2019-10-21T20:18:24.603Z] <<< HTTP RESPONSE 200
[debug] [2019-10-21T20:18:24.606Z] >>> HTTP REQUEST GET https://firebase.googleapis.com/v1beta1/projects/social-network-1e8dd  
 
[debug] [2019-10-21T20:18:25.164Z] <<< HTTP RESPONSE 200
[info] 
[info] === Serving from '/home/ericka/projetos/SAP003-social-network'...
[info] 
[debug] [2019-10-21T20:18:25.167Z] >>> HTTP REQUEST GET https://firebase.googleapis.com/v1beta1/projects/social-network-1e8dd/webApps/-/config  
 
[debug] [2019-10-21T20:18:26.516Z] <<< HTTP RESPONSE 200
[info] i  hosting: Serving hosting files from: src
[info] ✔  hosting: Local server: http://localhost:5000
[debug] [2019-10-21T22:53:38.901Z] ----------------------------------------------------------------------
[debug] [2019-10-21T22:53:38.903Z] Command:       /home/ericka/.nvm/versions/node/v10.16.3/bin/node /home/ericka/.nvm/versions/node/v10.16.3/bin/firebase serve
[debug] [2019-10-21T22:53:38.903Z] CLI Version:   7.4.0
[debug] [2019-10-21T22:53:38.903Z] Platform:      linux
[debug] [2019-10-21T22:53:38.903Z] Node Version:  v10.16.3
[debug] [2019-10-21T22:53:38.911Z] Time:          Mon Oct 21 2019 19:53:38 GMT-0300 (GMT-03:00)
[debug] [2019-10-21T22:53:38.911Z] ----------------------------------------------------------------------
[debug] 
[debug] [2019-10-21T22:53:38.921Z] > command requires scopes: ["email","openid","https://www.googleapis.com/auth/cloudplatformprojects.readonly","https://www.googleapis.com/auth/firebase","https://www.googleapis.com/auth/cloud-platform"]
[debug] [2019-10-21T22:53:38.921Z] > authorizing via signed-in user
[debug] [2019-10-21T22:53:38.921Z] [iam] checking project social-network-1e8dd for permissions ["firebase.projects.get"]
[debug] [2019-10-21T22:53:38.923Z] > refreshing access token with scopes: ["email","https://www.googleapis.com/auth/cloud-platform","https://www.googleapis.com/auth/cloudplatformprojects.readonly","https://www.googleapis.com/auth/firebase","openid"]
[debug] [2019-10-21T22:53:38.923Z] >>> HTTP REQUEST POST https://www.googleapis.com/oauth2/v3/token  
 <request body omitted>
[debug] [2019-10-21T22:53:39.150Z] <<< HTTP RESPONSE 200
[debug] [2019-10-21T22:53:39.157Z] >>> HTTP REQUEST POST https://cloudresourcemanager.googleapis.com/v1/projects/social-network-1e8dd:testIamPermissions  

[debug] [2019-10-21T22:53:40.284Z] <<< HTTP RESPONSE 200
[debug] [2019-10-21T22:53:40.288Z] >>> HTTP REQUEST GET https://firebase.googleapis.com/v1beta1/projects/social-network-1e8dd  
 
[debug] [2019-10-21T22:53:42.002Z] <<< HTTP RESPONSE 200
[info] 
[info] === Serving from '/home/ericka/projetos/SAP003-social-network'...
[info] 
[debug] [2019-10-21T22:53:42.010Z] >>> HTTP REQUEST GET https://firebase.googleapis.com/v1beta1/projects/social-network-1e8dd/webApps/-/config  
 
[debug] [2019-10-21T22:53:42.924Z] <<< HTTP RESPONSE 200
[info] i  hosting: Serving hosting files from: src
[info] ✔  hosting: Local server: http://localhost:5000
[debug] [2019-10-22T15:46:21.919Z] ----------------------------------------------------------------------
[debug] [2019-10-22T15:46:21.922Z] Command:       /home/ericka/.nvm/versions/node/v10.16.3/bin/node /home/ericka/.nvm/versions/node/v10.16.3/bin/firebase serve
[debug] [2019-10-22T15:46:21.922Z] CLI Version:   7.4.0
[debug] [2019-10-22T15:46:21.922Z] Platform:      linux
[debug] [2019-10-22T15:46:21.922Z] Node Version:  v10.16.3
[debug] [2019-10-22T15:46:21.923Z] Time:          Tue Oct 22 2019 12:46:21 GMT-0300 (GMT-03:00)
[debug] [2019-10-22T15:46:21.923Z] ----------------------------------------------------------------------
[debug] 
[debug] [2019-10-22T15:46:21.937Z] > command requires scopes: ["email","openid","https://www.googleapis.com/auth/cloudplatformprojects.readonly","https://www.googleapis.com/auth/firebase","https://www.googleapis.com/auth/cloud-platform"]
[debug] [2019-10-22T15:46:21.938Z] > authorizing via signed-in user
[debug] [2019-10-22T15:46:21.938Z] [iam] checking project social-network-1e8dd for permissions ["firebase.projects.get"]
[debug] [2019-10-22T15:46:21.940Z] > refreshing access token with scopes: ["email","https://www.googleapis.com/auth/cloud-platform","https://www.googleapis.com/auth/cloudplatformprojects.readonly","https://www.googleapis.com/auth/firebase","openid"]
[debug] [2019-10-22T15:46:21.940Z] >>> HTTP REQUEST POST https://www.googleapis.com/oauth2/v3/token  
 <request body omitted>
[debug] [2019-10-22T15:46:22.159Z] <<< HTTP RESPONSE 200
[debug] [2019-10-22T15:46:22.167Z] >>> HTTP REQUEST POST https://cloudresourcemanager.googleapis.com/v1/projects/social-network-1e8dd:testIamPermissions  

[debug] [2019-10-22T15:46:23.228Z] <<< HTTP RESPONSE 200
[debug] [2019-10-22T15:46:23.229Z] >>> HTTP REQUEST GET https://firebase.googleapis.com/v1beta1/projects/social-network-1e8dd  
 
[debug] [2019-10-22T15:46:24.529Z] <<< HTTP RESPONSE 200
[info] 
[info] === Serving from '/home/ericka/projetos/SAP003-social-network'...
[info] 
[debug] [2019-10-22T15:46:24.532Z] >>> HTTP REQUEST GET https://firebase.googleapis.com/v1beta1/projects/social-network-1e8dd/webApps/-/config  
 
[debug] [2019-10-22T15:46:25.907Z] <<< HTTP RESPONSE 200
[info] i  hosting: Serving hosting files from: src
[info] ✔  hosting: Local server: http://localhost:5000
